<?xml version="1.0" encoding="UTF-8"?>
<!-- Generated by org.testng.reporters.JUnitReportReporter -->
<testsuite name="listeners.listener" tests="8" time="35.603" ignored="0" failures="0" timestamp="24 Aug 2021 10:36:15 GMT" skipped="0" hostname="LP-5CD112M1JM" errors="0">
  <testcase name="onFinish" time="0.495" classname="listeners.listener"/>
  <testcase name="onTestFailure" time="0.002" classname="listeners.listener"/>
  <testcase name="testHCL" time="35.093" classname="listeners.listener"/>
  <testcase name="onTestSuccess" time="0.002" classname="listeners.listener"/>
  <testcase name="onTestSkipped" time="0.001" classname="listeners.listener"/>
  <testcase name="onTestFailedButWithinSuccessPercentage" time="0.002" classname="listeners.listener"/>
  <testcase name="onStart" time="0.006" classname="listeners.listener"/>
  <testcase name="onTestStart" time="0.002" classname="listeners.listener"/>
</testsuite> <!-- listeners.listener -->
