<?xml version="1.0" encoding="UTF-8"?>
<!-- Generated by org.testng.reporters.JUnitReportReporter -->
<testsuite name="listeners.itime" tests="1" time="34.466" ignored="0" failures="0" timestamp="24 Aug 2021 10:39:41 GMT" skipped="0" hostname="LP-5CD112M1JM" errors="0">
  <testcase name="testHCL" time="34.466" classname="listeners.itime"/>
</testsuite> <!-- listeners.itime -->
